2018-11-06T14:10:34.454Z - info: User function triggered, starting execution
2018-11-06T14:10:34.476Z - info: Execution took 17 ms, user function completed successfully
Worker for v1 closed due to file changes.
2018-11-06T14:15:58.425Z - error: { SyntaxError: Unexpected token c in JSON at position 1
    at JSON.parse (<anonymous>)
    at parse (C:\Users\yshim\AppData\Roaming\npm\node_modules\firebase-tools\node_modules\body-parser\lib\types\json.js:89:19)
    at C:\Users\yshim\AppData\Roaming\npm\node_modules\firebase-tools\node_modules\body-parser\lib\read.js:121:18
    at invokeCallback (C:\Users\yshim\AppData\Roaming\npm\node_modules\firebase-tools\node_modules\raw-body\index.js:224:16)
    at done (C:\Users\yshim\AppData\Roaming\npm\node_modules\firebase-tools\node_modules\raw-body\index.js:213:7)
    at IncomingMessage.onEnd (C:\Users\yshim\AppData\Roaming\npm\node_modules\firebase-tools\node_modules\raw-body\index.js:273:7)
    at emitNone (events.js:106:13)
    at IncomingMessage.emit (events.js:208:7)
    at endReadableNT (_stream_readable.js:1064:12)
    at _combinedTickCallback (internal/process/next_tick.js:139:11)
  expose: true,
  statusCode: 400,
  status: 400,
  body: '{cname: general}',
  type: 'entity.parse.failed' }
2018-11-06T14:16:58.281Z - info: Execution took 68916 ms, finished with status: 'timeout'
2018-11-06T14:16:58.296Z - info: Execution took 68931 ms, finished with status: 'crash'
2018-11-06T14:16:58.312Z - error: Something went wrong with the function!
2018-11-06T14:16:58.312Z - error:  Error: Can't set headers after they are sent.
    at validateHeader (_http_outgoing.js:491:11)
    at ServerResponse.setHeader (_http_outgoing.js:498:3)
    at ServerResponse.header (C:\Users\yshim\AppData\Roaming\npm\node_modules\firebase-tools\node_modules\express\lib\response.js:767:10)
    at ServerResponse.send (C:\Users\yshim\AppData\Roaming\npm\node_modules\firebase-tools\node_modules\express\lib\response.js:170:12)
    at ServerResponse.json (C:\Users\yshim\AppData\Roaming\npm\node_modules\firebase-tools\node_modules\express\lib\response.js:267:15)
    at ProxyServer.Supervisor._proxy.on (C:\Users\yshim\AppData\Roaming\npm\node_modules\firebase-tools\node_modules\@google-cloud\functions-emulator\src\supervisor\supervisor.js:107:14)
    at ProxyServer.emit (C:\Users\yshim\AppData\Roaming\npm\node_modules\firebase-tools\node_modules\eventemitter3\index.js:144:27)
    at ClientRequest.proxyError (C:\Users\yshim\AppData\Roaming\npm\node_modules\firebase-tools\node_modules\http-proxy\lib\http-proxy\passes\web-incoming.js:156:18)
    at emitOne (events.js:116:13)
    at ClientRequest.emit (events.js:211:7)
2018-11-06T14:16:58.796Z - error: Function worker killed by signal: SIGTERM
